http://www.wandoujia.com/apps/com.sutenm.mettajetovimuti
http://www.wandoujia.com/apps/com.cnr.shenzhouradio
http://www.wandoujia.com/apps/com.airkast.univision
http://www.wandoujia.com/apps/com.mcvlab.petcommunity
http://www.wandoujia.com/apps/com.qigame.lock.global.mustang
http://www.wandoujia.com/apps/com.tzj.chuiyichui_wallpaper
http://www.wandoujia.com/apps/jp.co.a_tm.android.plus_sweet_pink_dress2
http://www.wandoujia.com/apps/com.codaya.searchlight.dog
http://www.wandoujia.com/apps/com.androidapps.lock20.skin.mboss
http://www.wandoujia.com/apps/zm.mobile.zmobile2013081900087
http://www.wandoujia.com/apps/com.tpad.change.unlock.content.cang2zai4xin1di3de0ai4
http://www.wandoujia.com/apps/at.widget.clock.got.arryn
http://www.wandoujia.com/apps/shikong.chiasj.shejn
http://www.wandoujia.com/apps/com.Green4thWood.c20103
http://www.wandoujia.com/apps/cn.zhainvdaku.hqrxpisyx
http://www.wandoujia.com/apps/com.blah.fireworks
http://www.wandoujia.com/apps/com.digimentgames.android.boxit2
http://www.wandoujia.com/apps/com.tpad.change.theme
http://www.wandoujia.com/apps/com.rocketmaniamobile.hornswoggle.wwe.battery.widget
http://www.wandoujia.com/apps/com.slowlabel.seona.alpha
http://www.wandoujia.com/apps/janeczek.android.battery.dynamite
http://www.wandoujia.com/apps/idteam.app.crazypianofree
http://www.wandoujia.com/apps/com.mcvlab.petcommunity
http://www.wandoujia.com/apps/com.vasil.widget.sweet.kittens
http://www.wandoujia.com/apps/com.n225zero.ThunderFlashLight
http://www.wandoujia.com/apps/com.pixeldelight.entertainment.fakeipad2android
http://www.wandoujia.com/apps/jp.asakusa.SmokingCheckLiteJPedition
http://www.wandoujia.com/apps/com.supersoft.iPhoneSkinLux
http://www.wandoujia.com/apps/jp.co.a_tm.android.plus_bloom_rose
http://www.wandoujia.com/apps/com.sm.StickerPackArtistic
http://www.wandoujia.com/apps/jp.co.a_tm.android.plus_happy_spring_day
http://www.wandoujia.com/apps/com.nadstech.bestflashlight
http://www.wandoujia.com/apps/com.eonsoft.NetworkInfo
http://www.wandoujia.com/apps/Astral.Memo
http://www.wandoujia.com/apps/com.berksoft.acc
http://www.wandoujia.com/apps/happyMagicPhotoPlayer.com
http://www.wandoujia.com/apps/com.pil.future
http://www.wandoujia.com/apps/com.neverland.alreader
http://www.wandoujia.com/apps/mobi.meiliproducts.wemeobd
http://www.wandoujia.com/apps/com.magook.kind28_300
http://www.wandoujia.com/apps/com.mobilesrepublic.appygeekchina
http://www.wandoujia.com/apps/com.cplatform.xhxw.ui
http://www.wandoujia.com/apps/com.sarang.DiscountsTipsTax
http://www.wandoujia.com/apps/com.lenovo.font.theme.FZSSK
http://www.wandoujia.com/apps/com.howfun.android.lover
http://www.wandoujia.com/apps/release.tokei
http://www.wandoujia.com/apps/com.bahehe.allstarssearch
http://www.wandoujia.com/apps/com.hw.cbread
http://www.wandoujia.com/apps/com.smartdevices.special
http://www.wandoujia.com/apps/com.loveletter.doutu.www
http://www.wandoujia.com/apps/com.gatechina.wenxuecity
http://www.wandoujia.com/apps/com.hw.cbread
http://www.wandoujia.com/apps/com.hw.cbread
http://www.wandoujia.com/apps/com.imohoo.ebook
Preparing Starting
http://www.wandoujia.com/apps/com.app_howtohack.layout
http://www.wandoujia.com/apps/com.blue.sky.code.study
http://www.wandoujia.com/apps/com.woshipm.news
http://www.wandoujia.com/apps/com.game.fifaonlinenews
http://www.wandoujia.com/apps/com.kkeji.news.client
Preparing Starting
