Preparing Starting
Preparing Starting
http://www.wandoujia.com/apps/com.jiaoyou.gy
http://www.wandoujia.com/apps/net.duohuo.magapp.loveshang
http://www.wandoujia.com/apps/net.duohuo.magapp.loveshang
http://www.wandoujia.com/apps/com.ayansoft.androphp
http://www.wandoujia.com/apps/com.czs.yunzhuan
http://www.wandoujia.com/apps/com.hmting.forum
http://www.wandoujia.com/apps/jp.nori.android.callconfirm
http://www.wandoujia.com/apps/com.zentordatarecover.backupmyphoto
http://www.wandoujia.com/apps/de.vwag.thinkblue
http://www.wandoujia.com/apps/com.hotdog.anatomy3d2
http://www.wandoujia.com/apps/com.moon.hao4.mh348
http://www.wandoujia.com/apps/com.himissing.poppy
http://www.wandoujia.com/apps/cn.com.gxnews.hongdou
http://www.wandoujia.com/apps/com.ls.tcrl
http://www.wandoujia.com/apps/com.nvshengpai.android
http://www.wandoujia.com/apps/com.liba.android
http://www.wandoujia.com/apps/emotions.unlimited
http://www.wandoujia.com/apps/cn.etouch.ecalendar.ladies
http://www.wandoujia.com/apps/cn.etouch.ecalendar.ladies
http://www.wandoujia.com/apps/com.wukongtv.squaredance
http://www.wandoujia.com/apps/com.xiaoyou.alumni
http://www.wandoujia.com/apps/com.keepc
http://www.wandoujia.com/apps/com.keepc
http://www.wandoujia.com/apps/com.yumfee.skate
http://www.wandoujia.com/apps/com.wuqsho.konglong
http://www.wandoujia.com/apps/com.appstools.weddingdress
http://www.wandoujia.com/apps/com.hiroz.pilipili
http://www.wandoujia.com/apps/com.askfm
http://www.wandoujia.com/apps/com.netease.gacha
http://www.wandoujia.com/apps/com.scho.manager_zd
http://www.wandoujia.com/apps/com.nvshengpai.android
http://www.wandoujia.com/apps/com.nvshengpai.android
http://www.wandoujia.com/apps/com.liba.android
http://www.wandoujia.com/apps/com.liba.android
http://www.wandoujia.com/apps/mos.Robesdemariees.approbes
http://www.wandoujia.com/apps/net.medlinker.medlinker
http://www.wandoujia.com/apps/com.itmo.xmcs
http://www.wandoujia.com/apps/cn.hovn.mbm
http://www.wandoujia.com/apps/cn.hovn.mbm
http://www.wandoujia.com/apps/com.baitian.projectA.qq
http://www.wandoujia.com/apps/com.yiawang.tfboys.activity
http://www.wandoujia.com/apps/com.yiawang.tfboys.activity
http://www.wandoujia.com/apps/com.biyanzhi
http://www.wandoujia.com/apps/us.shandian.blacklight
http://www.wandoujia.com/apps/net.duohuo.magapp.lianshuiwang
http://www.wandoujia.com/apps/cn.yoho.show
http://www.wandoujia.com/apps/com.jmnnyuel.main
http://www.wandoujia.com/apps/com.quoord.tapatalkpro.activity
http://www.wandoujia.com/apps/cn.com.moluren.android
http://www.wandoujia.com/apps/com.olen.nmsz.mobile
http://www.wandoujia.com/apps/org.zywx.wbpalmstar.widgetone.uex11278227
http://www.wandoujia.com/apps/com.aladdin.dangdang
http://www.wandoujia.com/apps/com.cola.twisohu
http://www.wandoujia.com/apps/com.wangzhi.microlife
http://www.wandoujia.com/apps/com.juedui100.sns.app
http://www.wandoujia.com/apps/com.myyearbook.m
http://www.wandoujia.com/apps/cn.etouch.ecalendar.ladies
http://www.wandoujia.com/apps/cn.etouch.ecalendar.ladies
http://www.wandoujia.com/apps/com.muyao.uxinjimini.tsn
http://www.wandoujia.com/apps/com.wukongtv.squaredance
http://www.wandoujia.com/apps/com.xiaoyou.alumni
http://www.wandoujia.com/apps/com.xiaoyou.alumni
http://www.wandoujia.com/apps/com.appbyme.app88810
http://www.wandoujia.com/apps/com.latin5.w3capp.weiwu
http://www.wandoujia.com/apps/net.duohuo.forums.magappdt123
http://www.wandoujia.com/apps/net.duohuo.forums.magappdt123
http://www.wandoujia.com/apps/com.thefansbook.weibotopic.paxingtianxia
http://www.wandoujia.com/apps/com.BigSocial.client
http://www.wandoujia.com/apps/com.nearcompany.andr
http://www.wandoujia.com/apps/com.zhulong.web
http://www.wandoujia.com/apps/com.zhulong.web
http://www.wandoujia.com/apps/com.feizan
http://www.wandoujia.com/apps/org.zywx.wbpalmstar.widgetone.uex10075364
http://www.wandoujia.com/apps/com.cantong.wozhua
http://www.wandoujia.com/apps/com.sina.shihui.baoku
http://www.wandoujia.com/apps/com.wenwenwo
http://www.wandoujia.com/apps/com.wenwenwo
http://www.wandoujia.com/apps/com.tencent.HappyRoom
http://www.wandoujia.com/apps/im.moumou
http://www.wandoujia.com/apps/com.jm.material
http://www.wandoujia.com/apps/com.tentinet.bydfans
http://www.wandoujia.com/apps/com.sina.weibotab
http://www.wandoujia.com/apps/com.jianyue.main.controller
http://www.wandoujia.com/apps/com.gnet.uc
http://www.wandoujia.com/apps/com.twoo
http://www.wandoujia.com/apps/com.kuailianai.main
http://www.wandoujia.com/apps/com.youkes.weshare
http://www.wandoujia.com/apps/com.lexun.sqlt.dyzj
http://www.wandoujia.com/apps/com.cutt.zhiyue.android.app501079
http://www.wandoujia.com/apps/com.cutt.zhiyue.android.app501079
http://www.wandoujia.com/apps/com.qingchifan
http://www.wandoujia.com/apps/msra.renlifang.q20
http://www.wandoujia.com/apps/com.jiaoyou.my
http://www.wandoujia.com/apps/com.lexun.sqlt.jqgc
http://www.wandoujia.com/apps/szhome.bbs
http://www.wandoujia.com/apps/com.xzhp
http://www.wandoujia.com/apps/com.douban.event
http://www.wandoujia.com/apps/com.douban.event
http://www.wandoujia.com/apps/cn.com.tx.chat.android
http://www.wandoujia.com/apps/org.wordpress.android
http://www.wandoujia.com/apps/com.yepstudio.android.nightclub
http://www.wandoujia.com/apps/com.metek.dialoguemaker
http://www.wandoujia.com/apps/com.apicloud.A6971947430916
http://www.wandoujia.com/apps/com.app133.swingers
http://www.wandoujia.com/apps/com.unearby.sayhi
http://www.wandoujia.com/apps/net.duohuo.magapp.yanfu
http://www.wandoujia.com/apps/com.daotongdao.meal
http://www.wandoujia.com/apps/air.ch4399.cn.EPlayer
http://www.wandoujia.com/apps/net.duohuo.magapp.yanfu
http://www.wandoujia.com/apps/net.duohuo.magapp.yanfu
http://www.wandoujia.com/apps/com.daotongdao.meal
http://www.wandoujia.com/apps/com.daotongdao.meal
http://www.wandoujia.com/apps/com.ranw
http://www.wandoujia.com/apps/com.reliantongcheng.main
http://www.wandoujia.com/apps/msra.renlifang.q20
http://www.wandoujia.com/apps/msra.renlifang.q20
http://www.wandoujia.com/apps/com.zjelite.antlinkercampus
http://www.wandoujia.com/apps/com.baidu.tieba_hd
http://www.wandoujia.com/apps/com.sohu.kuaizhan.zpindou
http://www.wandoujia.com/apps/com.ikuaiyue
http://www.wandoujia.com/apps/com.lukouapp
http://www.wandoujia.com/apps/so.nian.android
http://www.wandoujia.com/apps/com.feizao.facecover
http://www.wandoujia.com/apps/com.i366.com
http://www.wandoujia.com/apps/com.jiaoyou.cy
http://www.wandoujia.com/apps/com.duoduo.weichatgroupsearch
http://www.wandoujia.com/apps/com.vanchu.apps.guimiquan
http://www.wandoujia.com/apps/im.wode.wode
http://www.wandoujia.com/apps/net.kdnet.club
http://www.wandoujia.com/apps/cn.nubia.neoshare
http://www.wandoujia.com/apps/jp.co.mindpl.Snapeee
http://www.wandoujia.com/apps/com.jshon.perdate
http://www.wandoujia.com/apps/com.hehuoren.core
http://www.wandoujia.com/apps/com.snda.youni
http://www.wandoujia.com/apps/com.snda.youni
http://www.wandoujia.com/apps/kr.co.vcnc.android.couple
http://www.wandoujia.com/apps/com.jiaoyou.jqcy
http://www.wandoujia.com/apps/com.hoge.android.app17246
http://www.wandoujia.com/apps/com.madebykawet.orange.cfecgcunsa
http://www.wandoujia.com/apps/com.togo.apps
http://www.wandoujia.com/apps/com.syezon.lvban
http://www.wandoujia.com/apps/net.xici.newapp
http://www.wandoujia.com/apps/com.ldeptools.sumiaodashi
http://www.wandoujia.com/apps/com.showme.hi7.hi7client
http://www.wandoujia.com/apps/com.yuanfen.main
http://www.wandoujia.com/apps/com.xiaoqiao.theworldofface
http://www.wandoujia.com/apps/com.hairbobo
http://www.wandoujia.com/apps/com.jiaoyou.cy
http://www.wandoujia.com/apps/com.zbar.lib
http://www.wandoujia.com/apps/com.dsjqy.yyhl
http://www.wandoujia.com/apps/com.guokr.moocmate
http://www.wandoujia.com/apps/com.appbyme.app125919
http://www.wandoujia.com/apps/com.spiritiz.wallpaper.photoslide
http://www.wandoujia.com/apps/com.gytjarek.widget.real_madrid_new
http://www.wandoujia.com/apps/kr.dinosoft.android.QuickBrightnessFree
http://www.wandoujia.com/apps/com.quincy.terrariarecipes
http://www.wandoujia.com/apps/com.ciaostudio.toucktheme
http://www.wandoujia.com/apps/com.qihoo360.launcher.theme.yrs
http://www.wandoujia.com/apps/com.jb.gokeyboard.theme.tmekeyboardsilverfree
http://www.wandoujia.com/apps/com.msherwin.gamestudiotycoon
http://www.wandoujia.com/apps/hr.solarcharger14
http://www.wandoujia.com/apps/com.ikorolkov.poweramp.skins.material
http://www.wandoujia.com/apps/net.hubalek.android.makeyourclock
http://www.wandoujia.com/apps/handy.color.hclauncher
http://www.wandoujia.com/apps/com.tnksoft.winmultitouchfree
http://www.wandoujia.com/apps/com.jiuwei.theme
http://www.wandoujia.com/apps/com.lge.android.analogclock.widget
http://www.wandoujia.com/apps/org.tonee.fly.widgets.free
http://www.wandoujia.com/apps/me.droan.materialcolors
http://www.wandoujia.com/apps/com.jiwanzhuomian.launcher
http://www.wandoujia.com/apps/lf.launcher
http://www.wandoujia.com/apps/drase.flui.iconpack
http://www.wandoujia.com/apps/com.jb.gokeyboard.theme.tmesavannakeyboard
http://www.wandoujia.com/apps/com.cslg.childLauncher
http://www.wandoujia.com/apps/com.keyboardplus.multicolor
http://www.wandoujia.com/apps/com.gtp.nextlauncher.theme.thank
http://www.wandoujia.com/apps/com.droidicon.launcherproicons
http://www.wandoujia.com/apps/com.dougchristie13tb.ltc2.lite
http://www.wandoujia.com/apps/com.monsou.a20130426143637
http://www.wandoujia.com/apps/com.truenutandbolt.brokencrackinscreen
http://www.wandoujia.com/apps/tam.beatit.cowboygame
http://www.wandoujia.com/apps/iplock.meishaonvlock
http://www.wandoujia.com/apps/com.qihoo360.launcher.theme.a_p582
http://www.wandoujia.com/apps/com.jb.gokeyboard.theme.twchinsemaskkeyboard
http://www.wandoujia.com/apps/com.jb.gokeyboard.theme.tmeneonscorpiokeyboard
http://www.wandoujia.com/apps/com.you.launcher
http://www.wandoujia.com/apps/com.qihoo360.launcher.theme.mystery
http://www.wandoujia.com/apps/com.els.splay
http://www.wandoujia.com/apps/com.jb.gokeyboard.theme.twkeyboardfantasy
http://www.wandoujia.com/apps/com.keyboardplus.pinky
http://www.wandoujia.com/apps/com.playfirst.playground.dinerdashgg
http://www.wandoujia.com/apps/com.ivali.launcher
http://www.wandoujia.com/apps/com.marooned.mclock
http://www.wandoujia.com/apps/com.nodflasf.CiQi
http://www.wandoujia.com/apps/com.mkl.ilovefs
http://www.wandoujia.com/apps/com.isodroid.t3l
http://www.wandoujia.com/apps/com.kidcartoon.hoathinh
http://www.wandoujia.com/apps/com.android.x.imagewidget
http://www.wandoujia.com/apps/com.madan.funapps.kissthecook
http://www.wandoujia.com/apps/com.bongda.kqbongda
http://www.wandoujia.com/apps/com.jb.gokeyboard.theme.tmeratsignkeyboard
http://www.wandoujia.com/apps/com.tplink.skylight
http://www.wandoujia.com/apps/com.jb.gokeyboard.theme.tmekeyboardskin
http://www.wandoujia.com/apps/com.frostbit.stylos
http://www.wandoujia.com/apps/info.tikusoft.l8
http://www.wandoujia.com/apps/com.apalon.launcher
http://www.wandoujia.com/apps/com.yaoo.qlauncher.pluginios8
http://www.wandoujia.com/apps/com.AsianGames
http://www.wandoujia.com/apps/com.jb.gokeyboard.theme.tmegoldengatekeyboard
http://www.wandoujia.com/apps/com.qihoo360.launcher.theme.a_p512
http://www.wandoujia.com/apps/cp51.photoeight
http://www.wandoujia.com/apps/com.handlerexploit.launcher
http://www.wandoujia.com/apps/com.uoiopo.onceclick.lichun
http://www.wandoujia.com/apps/com.zhongsou.hymingb
http://www.wandoujia.com/apps/com.ltp.launcherpad
http://www.wandoujia.com/apps/com.jb.gokeyboard.theme.tmeredpoppykeyboard
http://www.wandoujia.com/apps/simone.cascino.airon
http://www.wandoujia.com/apps/com.widget.tissotclockwidget2
http://www.wandoujia.com/apps/at.abraxas.powerwidget.free
http://www.wandoujia.com/apps/com.gamehelper
http://www.wandoujia.com/apps/com.yy.only.funny1
http://www.wandoujia.com/apps/com.jb.gokeyboard.theme.tmeteleportingkeyboard
http://www.wandoujia.com/apps/com.qihoo360.launcher.theme.a_.mimihuayuan
http://www.wandoujia.com/apps/com.skymobi.launcher
http://www.wandoujia.com/apps/com.jb.gokeyboard.theme.tmeivorykeyboard
http://www.wandoujia.com/apps/vn.vip.game.com
http://www.wandoujia.com/apps/net.ohrz.coldlauncherfree
http://www.wandoujia.com/apps/com.jb.gokeyboard.theme.tmerainforestkeyboard
http://www.wandoujia.com/apps/com.zsddz2.mmddshsb
http://www.wandoujia.com/apps/com.ishow4s.xgdsn9
http://www.wandoujia.com/apps/com.tsf.shell.themes.icecube
http://www.wandoujia.com/apps/com.JMarinho.sirene
http://www.wandoujia.com/apps/com.qinglu.livewall
http://www.wandoujia.com/apps/com.freegameworld7.deadoralivehurdles
http://www.wandoujia.com/apps/com.Fraom.AuroraUI
http://www.wandoujia.com/apps/apps.gelsio.de.hillclimbracingcheat
http://www.wandoujia.com/apps/com.Fraom.AuroraUI
http://www.wandoujia.com/apps/com.Fraom.AuroraUI
http://www.wandoujia.com/apps/com.emoji.coolkeyboard
http://www.wandoujia.com/apps/com.liut.small_laucher
http://www.wandoujia.com/apps/it.dacsoft.letstrophy.grandtheftautov
http://www.wandoujia.com/apps/com.netease.l10.wdj
http://www.wandoujia.com/apps/com.miHoYo.bh3.wdj
http://www.wandoujia.com/apps/com.wanmei.zhuxian.wdj
http://www.wandoujia.com/apps/com.com2us.thirdblade.normal.freefull.google.global.android.common
http://www.wandoujia.com/apps/air.com.qlwx.xmsh.cmge.c1wan
http://www.wandoujia.com/apps/com.qdazzle.smxj.paojiao
http://www.wandoujia.com/apps/com.iwaredesigns.prosnooker2012
http://www.wandoujia.com/apps/com.com2us.golfstarworldtour.normal.freefull.google.global.android.common
http://www.wandoujia.com/apps/com.tencent.tmgp.mhzxsy
http://www.wandoujia.com/apps/com.androidemu.pmblack2
http://www.wandoujia.com/apps/com.tencent.tmgp.rxcq
http://www.wandoujia.com/apps/com.androidemu.gbapmwhite
http://www.wandoujia.com/apps/com.kugame.jlzwcns
http://www.wandoujia.com/apps/com.androidemu.gbapmblack
http://www.wandoujia.com/apps/com.androidemu.gbakdygvbs
http://www.wandoujia.com/apps/com.ztgame.jl.wdj
http://www.wandoujia.com/apps/com.rewangame.ylxx.uc
http://www.wandoujia.com/apps/com.konami.pes2012
http://www.wandoujia.com/apps/com.tencent.tmgp.sgame
http://www.wandoujia.com/apps/com.tencent.KiHan
http://www.wandoujia.com/apps/com.mofei.wujianyu.uc
http://www.wandoujia.com/apps/com.imhudie.ttmxd.baidu
http://www.wandoujia.com/apps/air.com.funyou.msyx.uc
http://www.wandoujia.com/apps/com.haishiydmm.uc
http://www.wandoujia.com/apps/com.lebeinet.TanTanHero.uc
http://www.wandoujia.com/apps/air.ucddtg.uc
http://www.wandoujia.com/apps/com.netease.l10.wdj
http://www.wandoujia.com/apps/com.wanmei.zhuxian.wdj
http://www.wandoujia.com/apps/com.tencent.tmgp.sgame
http://www.wandoujia.com/apps/com.netease.onmyoji.wdj
http://www.wandoujia.com/apps/com.zhangkuo.youxi
http://www.wandoujia.com/apps/com.tencent.tmgp.sgame
http://www.wandoujia.com/apps/com.tencent.tmgp.sgame
http://www.wandoujia.com/apps/com.supercell.clashroyale.wdj
http://www.wandoujia.com/apps/com.wyd.hero.yqlfc.cb1.uc
http://www.wandoujia.com/apps/com.tencent.tmgp.carrot3
http://www.wandoujia.com/apps/com.supercell.clashofclans.wdj
http://www.wandoujia.com/apps/com.supercell.clashroyale.wdj
http://www.wandoujia.com/apps/com.supercell.clashroyale.wdj
http://www.wandoujia.com/apps/com.trinitigame.android.miniwarriors
http://www.wandoujia.com/apps/com.mrgames.larvaheroessocial.fb
http://www.wandoujia.com/apps/com.supercell.clashroyale.wdj
http://www.wandoujia.com/apps/com.supercell.clashroyale.wdj
http://www.wandoujia.com/apps/com.supercell.clashroyale.wdj
http://www.wandoujia.com/apps/com.igg.android.lordsmobile
http://www.wandoujia.com/apps/com.gameloft.android.ANMP.GloftMTHM
http://www.wandoujia.com/apps/com.netease.stzb.wdj
http://www.wandoujia.com/apps/com.wistone.war2victory.wdj
http://www.wandoujia.com/apps/com.regin.gcld.wdj
http://www.wandoujia.com/apps/youdong.app.rxtm.uc
http://www.wandoujia.com/apps/com.joygames.shqz.uc
http://www.wandoujia.com/apps/com.netease.wscs.wdj
http://www.wandoujia.com/apps/com.supercell.clashofclans.wdj
http://www.wandoujia.com/apps/com.supercell.boombeach.wdj
http://www.wandoujia.com/apps/net.SandStormEarl.WC3
http://www.wandoujia.com/apps/com.candyrufusgames.survivalcraft2
http://www.wandoujia.com/apps/net.crimoon.pm.wdj
http://www.wandoujia.com/apps/com.tencent.tmgp.qjnn
http://www.wandoujia.com/apps/com.gameloft.android.ANMP.GloftIAAC
http://www.wandoujia.com/apps/com.crisisfire.android.wdj
http://www.wandoujia.com/apps/com.crisisfire.android.wdj
http://www.wandoujia.com/apps/com.tencent.tmgp.cf
http://www.wandoujia.com/apps/com.xiaoao.riskSnipe.nqq
http://www.wandoujia.com/apps/com.tencent.xhzs
http://www.wandoujia.com/apps/com.xiaoao.riskSnipe.nqq
http://www.wandoujia.com/apps/com.xiaoao.riskSnipe.nqq
http://www.wandoujia.com/apps/com.tencent.xhzs
http://www.wandoujia.com/apps/com.tencent.xhzs
http://www.wandoujia.com/apps/com.wordsmobile.gunship
http://www.wandoujia.com/apps/com.wordsmobile.planesimulator
http://www.wandoujia.com/apps/com.xiaoao.riskSnipe.nqq
http://www.wandoujia.com/apps/com.xiaoao.riskSnipe.nqq
http://www.wandoujia.com/apps/com.lx.ttld
http://www.wandoujia.com/apps/com.tencent.xhzs
http://www.wandoujia.com/apps/com.tencent.xhzs
http://www.wandoujia.com/apps/com.tencent.tmgp.ddtank
http://www.wandoujia.com/apps/com.sincetimes.games.worldship.wdj
http://www.wandoujia.com/apps/com.miHoYo.bh3.wdj
http://www.wandoujia.com/apps/com.tencent.tmgp.tstl
http://www.wandoujia.com/apps/com.snailgame.jysgqy.aligames
http://www.wandoujia.com/apps/com.ledo.kof97ol.wdj
http://www.wandoujia.com/apps/com.miHoYo.bh3.wdj
http://www.wandoujia.com/apps/com.kiloo.subwaysurf
http://www.wandoujia.com/apps/com.androidemu.nes.jimu.mario
http://www.wandoujia.com/apps/com.miHoYo.HSoDv22144.wdj
http://www.wandoujia.com/apps/com.tencent.KiHan
http://www.wandoujia.com/apps/com.androidemu.nes.jimu.mario
http://www.wandoujia.com/apps/com.flyfish.supermario
http://www.wandoujia.com/apps/com.miHoYo.bh3.wdj
http://www.wandoujia.com/apps/com.tencent.KiHan
http://www.wandoujia.com/apps/com.DefiantDev.SkiSafari
http://www.wandoujia.com/apps/com.yingzheng.jlkt3.wdj
http://www.wandoujia.com/apps/com.mas.wawagame.HLlord.uc
http://www.wandoujia.com/apps/com.tuyoo.doudizhu.uc
http://www.wandoujia.com/apps/com.og.danjiddz
http://www.wandoujia.com/apps/com.mas.wawagame.hlddz2SP.uc
http://www.wandoujia.com/apps/com.yingzheng.jlkt3.wdj
http://www.wandoujia.com/apps/com.wyd.hero.yqlfc.cb1.uc
http://www.wandoujia.com/apps/com.wyd.hero.yqlfc.cb1.uc
http://www.wandoujia.com/apps/com.DefiantDev.SkiSafari
http://www.wandoujia.com/apps/com.yingzheng.jlkt3.wdj
http://www.wandoujia.com/apps/com.yingzheng.jlkt3.wdj
http://www.wandoujia.com/apps/com.bf.sgs.hdexp.uc
http://www.wandoujia.com/apps/com.tuyoo.doudizhu.uc
http://www.wandoujia.com/apps/com.tuyoo.doudizhu.uc
http://www.wandoujia.com/apps/com.og.danjiddz
http://www.wandoujia.com/apps/com.og.danjiddz
http://www.wandoujia.com/apps/com.happy.chinesechess
http://www.wandoujia.com/apps/com.cnvcs.junqi
http://www.wandoujia.com/apps/com.lanse.chinachess
http://www.wandoujia.com/apps/com.mas.wawagame.djddzqbSP.uc
http://www.wandoujia.com/apps/com.linnsea.dfhylc.uc
http://www.wandoujia.com/apps/com.HappyAlliance.GoldMaster.uc
http://www.wandoujia.com/apps/ru.mail.games.jugger
http://www.wandoujia.com/apps/com.teamlava.dragon35
http://www.wandoujia.com/apps/com.wyd.hero.yqlfc.cb1.uc
http://www.wandoujia.com/apps/com.wyd.hero.yqlfc.cb1.uc
http://www.wandoujia.com/apps/com.wyd.hero.yqlfc.cb1.uc
http://www.wandoujia.com/apps/com.hzfb.racing8.wdj
http://www.wandoujia.com/apps/com.mpopkart.wdj
http://www.wandoujia.com/apps/com.tencent.tmgp.carrot3
http://www.wandoujia.com/apps/com.jianyou.jszzj.wdj
http://www.wandoujia.com/apps/klb.android.lovelivecn
http://www.wandoujia.com/apps/com.kiloo.subwaysurf
http://www.wandoujia.com/apps/com.DefiantDev.SkiSafari
http://www.wandoujia.com/apps/com.hdls.dgame.uc
http://www.wandoujia.com/apps/com.seacow.dwx.uc
http://www.wandoujia.com/apps/com.bluefir.GrannySeason
http://www.wandoujia.com/apps/com.mtvn.tmntMovieGame
http://www.wandoujia.com/apps/com.joydo.copsnrobbersJB
http://www.wandoujia.com/apps/com.crisisfire.android.wdj
http://www.wandoujia.com/apps/com.wepie.snake.aligames
http://www.wandoujia.com/apps/com.kiloo.subwaysurf
http://www.wandoujia.com/apps/com.tencent.tmgp.jnbg2
http://www.wandoujia.com/apps/com.mewe.wolf
http://www.wandoujia.com/apps/com.tencent.qqgame
http://www.wandoujia.com/apps/com.noumena.android.bzzhgfan
http://www.wandoujia.com/apps/com.yaya.mmbang
http://www.wandoujia.com/apps/virtualgl.kidspaint
http://www.wandoujia.com/apps/com.slanissue.apps.mobile.erge
http://www.wandoujia.com/apps/com.yixun.org
http://www.wandoujia.com/apps/com.qq.qcloud
http://www.wandoujia.com/apps/com.ylmf.androidclient
http://www.wandoujia.com/apps/com.qihoo.cloudisk
http://www.wandoujia.com/apps/com.medapp
http://www.wandoujia.com/apps/com.lxchao.girlutil
http://www.wandoujia.com/apps/com.ihaozhuo.youjiankang
http://www.wandoujia.com/apps/com.intsig.camscanner
http://www.wandoujia.com/apps/com.tencent.wework
http://www.wandoujia.com/apps/com.cn21.ecloud
http://www.wandoujia.com/apps/com.jiankecom.jiankemall
http://www.wandoujia.com/apps/comm.cchong.BloodAssistant
http://www.wandoujia.com/apps/cn.mixiaoxiao.myappscreenmask
http://www.wandoujia.com/apps/com.dolist.trenirovka_spini_ch
http://www.wandoujia.com/apps/com.gmail.at.vrdream.android.memory.mario2
http://www.wandoujia.com/apps/com.archermind.wrist
http://www.wandoujia.com/apps/com.ptf.teadoctor.adview.ui
http://www.wandoujia.com/apps/com.hbp.doctor
http://www.wandoujia.com/apps/com.stoik.mdscanlite
http://www.wandoujia.com/apps/com.tf.thinkdroid.amarket
http://www.wandoujia.com/apps/com.giventoday.salemanapp
http://www.wandoujia.com/apps/com.winbons.saas.crm
http://www.wandoujia.com/apps/com.tsinghong.cloudapps
http://www.wandoujia.com/apps/jp.iEvolution.HealthManager
http://www.wandoujia.com/apps/com.foyohealth.hm_vanke
http://www.wandoujia.com/apps/com.dykj.retu
http://www.wandoujia.com/apps/cn.apppark.ckj10138206
http://www.wandoujia.com/apps/com.gyzx.smartpillow
http://www.wandoujia.com/apps/com.aboutmov.meiao
http://www.wandoujia.com/apps/com.dnsinn.bingliben
http://www.wandoujia.com/apps/com.dynamicu.smartWatchActivate
http://www.wandoujia.com/apps/com.appmk.magazine.AOTWPCNSQZBYXGYC
http://www.wandoujia.com/apps/jksb.com.jiankangshibao
http://www.wandoujia.com/apps/com.sh.xlshouhuan
http://www.wandoujia.com/apps/com.myexample.zdjspf
http://www.wandoujia.com/apps/com.apps.manproblem
http://www.wandoujia.com/apps/fantasy1022.pkmilk.imuscle
http://www.wandoujia.com/apps/com.huaweiji.health.healson
http://www.wandoujia.com/apps/cn.ynso.tcmMeiRong
http://www.wandoujia.com/apps/com.heliteq.peritonealdialysis
http://www.wandoujia.com/apps/com.huichenghe.xinlvsh01
http://www.wandoujia.com/apps/com.mitao.relax
http://www.wandoujia.com/apps/com.bandaochina.zhongkang
http://www.wandoujia.com/apps/com.sinldo.icall
http://www.wandoujia.com/apps/com.baidu.sumeru.tc1137294
http://www.wandoujia.com/apps/com.easybenefit.mass
http://www.wandoujia.com/apps/com.myexample.gja20141110
http://www.wandoujia.com/apps/com.sohu.kuaizhan.zxdnk120
http://www.wandoujia.com/apps/com.example.administrator.ylys
http://www.wandoujia.com/apps/com.mhealth.app
http://www.wandoujia.com/apps/com.threeti.aidaokep
http://www.wandoujia.com/apps/com.example.nf
http://www.wandoujia.com/apps/com.yufangganmaowznj.zkbug
http://www.wandoujia.com/apps/com.threeti.aidaoked
http://www.wandoujia.com/apps/com.ucmed.rubik.henanrmyy
http://www.wandoujia.com/apps/com.baike.qiye.qyyy
http://www.wandoujia.com/apps/com.gaoxueyazhiliao.document
http://www.wandoujia.com/apps/com.guaiguaide.yogagene
http://www.wandoujia.com/apps/com.doctortang.activity
http://www.wandoujia.com/apps/com.mfile.populace
http://www.wandoujia.com/apps/com.trt.yd
http://www.wandoujia.com/apps/com.smilingmobile.tigermedicine
http://www.wandoujia.com/apps/com.hjwang.netdoctor
http://www.wandoujia.com/apps/com.goyman.FribourgCardio
http://www.wandoujia.com/apps/com.hjwang.nethospital
http://www.wandoujia.com/apps/cn.apppark.ckj10082653
http://www.wandoujia.com/apps/cn.heartrhythm.app
http://www.wandoujia.com/apps/com.kangmeitongu.main
http://www.wandoujia.com/apps/xikang.cdpm.doctor
http://www.wandoujia.com/apps/com.myexample.zfjh20141110
http://www.wandoujia.com/apps/com.chaozh.iReader.one360_BUSHENSHIPU139LI
http://www.wandoujia.com/apps/com.zhangxingongchang.ccfyvocrr
http://www.wandoujia.com/apps/cn.apppark.ckj10077699
http://www.wandoujia.com/apps/com.eztcn.yuyueguahao
http://www.wandoujia.com/apps/com.example.xywy_czaoxie
http://www.wandoujia.com/apps/com.dailyyoga.yogaforahealthyneck
http://www.wandoujia.com/apps/com.xtreme.pikaad
http://www.wandoujia.com/apps/com.ylzinfo.palmhospital.smdyyy
http://www.wandoujia.com/apps/com.zy123.activity
http://www.wandoujia.com/apps/com.example.jkbhospitalall_shhxyy
http://www.wandoujia.com/apps/com.care.user.activity
http://www.wandoujia.com/apps/com.d7health
http://www.wandoujia.com/apps/cn.healthin.coordinatior
http://www.wandoujia.com/apps/com.ving365.zlqcd
http://www.wandoujia.com/apps/com.ewell.guahao.shanghaipeople3
http://www.wandoujia.com/apps/com.example.jkbhospitalall_hkyy
http://www.wandoujia.com/apps/cn.ynso.tcm.tzbs.activity
http://www.wandoujia.com/apps/com.ngroldan.eurocopa2012.estadios
http://www.wandoujia.com/apps/ff.net.rlbf
http://www.wandoujia.com/apps/com.ucmed.hn.renming.patient
http://www.wandoujia.com/apps/cn.nowapp.kangfubao
http://www.wandoujia.com/apps/com.jh.APP50747.news
http://www.wandoujia.com/apps/com.chengyu.BuShengShiLiao
http://www.wandoujia.com/apps/com.yixun.healthy
http://www.wandoujia.com/apps/yd.client3074843
http://www.wandoujia.com/apps/com.junrui.yhtp
http://www.wandoujia.com/apps/com.ucmed.changzheng
http://www.wandoujia.com/apps/user51.getweb
http://www.wandoujia.com/apps/cn.hospitalregistration
http://www.wandoujia.com/apps/ld.health.app
http://www.wandoujia.com/apps/cn.yicha.mmi.mbox_guoyao
http://www.wandoujia.com/apps/com.xiaolu.doctor
http://www.wandoujia.com/apps/com.careate.qyi
http://www.wandoujia.com/apps/com.rzhy.lydy
http://www.wandoujia.com/apps/com.cxzg.m.pfb
http://www.wandoujia.com/apps/com.app.doctortangforpatient.Activity
http://www.wandoujia.com/apps/com.change.anmo
http://www.wandoujia.com/apps/com.dupinzhishi
http://www.wandoujia.com/apps/a360.zhongyi095633
http://www.wandoujia.com/apps/com.hetaoos.IPClient
http://www.wandoujia.com/apps/com.gxtd.projectmbclient
http://www.wandoujia.com/apps/com.example.ydnsr
http://www.wandoujia.com/apps/com.rayin.scanner
http://www.wandoujia.com/apps/com.starsoft.qgstar
http://www.wandoujia.com/apps/org.dmfs.carddav.sync
http://www.wandoujia.com/apps/com.bracebook.reader
http://www.wandoujia.com/apps/com.egeio
http://www.wandoujia.com/apps/cz.awk.android.docconv
http://www.wandoujia.com/apps/com.manard.note2text
http://www.wandoujia.com/apps/com.example.ehomeandroid
http://www.wandoujia.com/apps/com.ifttt.donote
http://www.wandoujia.com/apps/com.brcorner.note
http://www.wandoujia.com/apps/com.hs.app.birdfind
http://www.wandoujia.com/apps/com.roweware.webviewswipepoc
http://www.wandoujia.com/apps/com.codelab.quizmiurfree
http://www.wandoujia.com/apps/com.WhizNets.MyFleetGeofence
http://www.wandoujia.com/apps/com.madam.PinHoleCalculator
http://www.wandoujia.com/apps/com.secureCloud
http://www.wandoujia.com/apps/com.subsplash.thechurchapp.maranathachapel
http://www.wandoujia.com/apps/com.cadmiumcd.aamse2013
http://www.wandoujia.com/apps/org.shadowdomain.acadkbu
http://www.wandoujia.com/apps/com.nnacres.app
http://www.wandoujia.com/apps/com.teeneinst.quiz.us.vii.ratioprep
http://www.wandoujia.com/apps/com.ean.scrumtimer.meetingnotes
http://www.wandoujia.com/apps/com.phonegap.BPMonlineMobile
http://www.wandoujia.com/apps/com.subsplash.thechurchapp.cathedralofpraise
http://www.wandoujia.com/apps/com.conquer.canada
http://www.wandoujia.com/apps/com.bible.offlinebiblemultilanguage
http://www.wandoujia.com/apps/liangzhi.qiaohu.huanzhuang.mzw
http://www.wandoujia.com/apps/com.bubbleultimate
http://www.wandoujia.com/apps/com.adroidzstrone.howtomakeorigamimb
http://www.wandoujia.com/apps/air.com.ty.bbshzl
http://www.wandoujia.com/apps/air.com.a77375.babybathfuntimehd
http://www.wandoujia.com/apps/com.roy.sliceice
http://www.wandoujia.com/apps/br.eti.knowledgefactory.wheresmyanimal
http://www.wandoujia.com/apps/cn.erika.msfedtb.bllj
http://www.wandoujia.com/apps/com.teachersparadise.kidsfingerpaintingcoloring
http://www.wandoujia.com/apps/com.nlamp.etzj.app
http://www.wandoujia.com/apps/com.zaojiao.child
http://www.wandoujia.com/apps/great.judy.game.dldnklyx
http://www.wandoujia.com/apps/com.lhyy.childrenkitchen
http://www.wandoujia.com/apps/com.tuoniu.kidapps.jigsaw.fairytales.free
http://www.wandoujia.com/apps/com.cg.shiwu.haiyangshengwud
http://www.wandoujia.com/apps/com.ilikelab.cognize
http://www.wandoujia.com/apps/com.worlddirect.lovecantonese
http://www.wandoujia.com/apps/com.my.parent_for_android
http://www.wandoujia.com/apps/org.cocos2dx.caiFruit
http://www.wandoujia.com/apps/com.nobandgame.spongediff
http://www.wandoujia.com/apps/air.com.snowbaby.BabyABC
http://www.wandoujia.com/apps/com.tabtale.babyroommakeover
http://www.wandoujia.com/apps/air.com.qqqf.xxywszzy3b
http://www.wandoujia.com/apps/org.cocos2dx.hengShanHaiJin
http://www.wandoujia.com/apps/com.inzi.babyword
http://www.wandoujia.com/apps/com.moon.baby.learn.hangzi
http://www.wandoujia.com/apps/com.cmcc.hbb.android.phone.parents
http://www.wandoujia.com/apps/com.childrenabc
http://www.wandoujia.com/apps/org.vv.child.szj
http://www.wandoujia.com/apps/com.moon.baby.learn.jiaotong
http://www.wandoujia.com/apps/com.senty.android.baobaopaxing
http://www.wandoujia.com/apps/com.sf.air.sdrtfv
http://www.wandoujia.com/apps/com.bbzjj.baobaozaojiaoji
http://www.wandoujia.com/apps/com.mizhongtech.pinyinxia
http://www.wandoujia.com/apps/air.com.snowbaby.BBPTsg
http://www.wandoujia.com/apps/com.baidu.shucheng_217566094
http://www.wandoujia.com/apps/org.vv.baby.cognize.szj
http://www.wandoujia.com/apps/com.smartdevices.princess
http://www.wandoujia.com/apps/com.baobaojiaoyin.bainian
http://www.wandoujia.com/apps/com.iqinbao.android.poetry
http://www.wandoujia.com/apps/air.xxyw1b
http://www.wandoujia.com/apps/com.trendmicro.parentalcontrol
http://www.wandoujia.com/apps/com.yunqijisuan.app
http://www.wandoujia.com/apps/com.nojokelab.talkingbabyboy
http://www.wandoujia.com/apps/com.dongxicheng.mathanimations
http://www.wandoujia.com/apps/com.joloq54301563
http://www.wandoujia.com/apps/com.slanissue.apps.mobile.childrensrhyme.character
http://www.wandoujia.com/apps/com.bruce.learning
http://www.wandoujia.com/apps/uvg.shuxue.gamestart
http://www.wandoujia.com/apps/com.tuoniu.whisperarts.kids.math
http://www.wandoujia.com/apps/com.child.study.english
http://www.wandoujia.com/apps/com.guoxun.pinyin
http://www.wandoujia.com/apps/alpha.android.touchit
http://www.wandoujia.com/apps/com.er.tong.english.card
http://www.wandoujia.com/apps/com.sdrps.xmxa
http://www.wandoujia.com/apps/com.sesamestreetchina.roadsafety
http://www.wandoujia.com/apps/com.slanissue.apps.mobile.childrensrhyme.school
http://www.wandoujia.com/apps/org.eachbaby.KidsMathPark
http://www.wandoujia.com/apps/net.andwy.education.learntodraw
http://www.wandoujia.com/apps/com.glodon.gcp
http://www.wandoujia.com/apps/com.kac.sms
http://www.wandoujia.com/apps/com.tigeyBoy.cutice
http://www.wandoujia.com/apps/com.guliguli.studySpell3
http://www.wandoujia.com/apps/com.tp.android.hshd3dbbetyx
http://www.wandoujia.com/apps/com.mafa.QiaoHuXiongDi
http://www.wandoujia.com/apps/com.babywhere.paradise
http://www.wandoujia.com/apps/it.moondroid.coverflowdemo8
http://www.wandoujia.com/apps/com.xingbook.s0227
http://www.wandoujia.com/apps/com.tinmanarts.WhoIsTheMeanyPhone
http://www.wandoujia.com/apps/com.tinmanarts.SuperBigLiesPhone
http://www.wandoujia.com/apps/com.baidu.sumeru.tc3236801
http://www.wandoujia.com/apps/com.iit.ephorlogerie
http://www.wandoujia.com/apps/com.tinmanarts.IHateMyCousinPhone
http://www.wandoujia.com/apps/com.tinmanarts.CRmummyiloveyouPhone
http://www.wandoujia.com/apps/free.ringtones.Childrenbedtimestory
http://www.wandoujia.com/apps/com.ipeaksoft.pitDadGame3
http://www.wandoujia.com/apps/com.by.fishgame.zr.uc
http://www.wandoujia.com/apps/org.cocos2dx.FishGame
http://www.wandoujia.com/apps/com.tencent.king.candycrushsaga
http://www.wandoujia.com/apps/com.eightyeightgames.ymbab
http://www.wandoujia.com/apps/com.estoty.game2048
http://www.wandoujia.com/apps/jp.pascal.fishingfree
http://www.wandoujia.com/apps/net.popstar.game.xxl
http://www.wandoujia.com/apps/com.hortor.songtoword
http://www.wandoujia.com/apps/com.fingersoft.hcr2.cn.noncmcc.wdj
http://www.wandoujia.com/apps/com.AI.FanConNet.Android.RattlersInGame
http://www.wandoujia.com/apps/com.marinabaysands.MarinaBaySands
http://www.wandoujia.com/apps/com.detentiongames.easterbasketmaker
http://www.wandoujia.com/apps/air.AnimalMelody
http://www.wandoujia.com/apps/com.dotpubs.customQuiz
http://www.wandoujia.com/apps/air.coolbabyapps.coolyardanimals
http://www.wandoujia.com/apps/com.yy.android.onegame
http://www.wandoujia.com/apps/com.lsappsdev.dashdiet.AOUEDBLWNENBLDRG
http://www.wandoujia.com/apps/com.nealo.freerunning
http://www.wandoujia.com/apps/com.coloringpages.princess
http://www.wandoujia.com/apps/net.peakgames.amycn.uc
http://www.wandoujia.com/apps/com.feizhu.xiatianxiaoxingxing
http://www.wandoujia.com/apps/com.Qunar
http://www.wandoujia.com/apps/com.taobao.trip
http://www.wandoujia.com/apps/com.tongcheng.android
http://www.wandoujia.com/apps/com.tc.cm
http://www.wandoujia.com/apps/ctrip.android.view
http://www.wandoujia.com/apps/com.Qunar
http://www.wandoujia.com/apps/com.tongcheng.android
http://www.wandoujia.com/apps/com.taobao.trip
http://www.wandoujia.com/apps/com.autonavi.minimap
http://www.wandoujia.com/apps/com.ygkj.chelaile.standard
http://www.wandoujia.com/apps/com.wuba
http://www.wandoujia.com/apps/com.ganji.android
http://www.wandoujia.com/apps/cn.eclicks.wzsearch
http://www.wandoujia.com/apps/com.ppdai.lender
http://www.wandoujia.com/apps/com.ppdai.lender
http://www.wandoujia.com/apps/com.leixun.taofen8_aifusi
http://www.wandoujia.com/apps/com.trubuzz.trubuzz
http://www.wandoujia.com/apps/com.wXMTrading
http://www.wandoujia.com/apps/com.zlw.superbroker
http://www.wandoujia.com/apps/com.mz.chamberlain
http://www.wandoujia.com/apps/com.sudev.Snake
http://www.wandoujia.com/apps/com.caifuzhinan.subscribe
http://www.wandoujia.com/apps/com.cxfund.android
http://www.wandoujia.com/apps/com.insthub.ebandung
http://www.wandoujia.com/apps/com.tophold.xcfd
http://www.wandoujia.com/apps/com.huishuaka.credit
http://www.wandoujia.com/apps/com.sp2p.shunxin
http://www.wandoujia.com/apps/cn.andson.cardmanager
http://www.wandoujia.com/apps/com.jfcaifu.main
http://www.wandoujia.com/apps/com.thinkive.mobile.account_yh
http://www.wandoujia.com/apps/com.rd.sfqz
http://www.wandoujia.com/apps/com.huiyingdai.apptest
http://www.wandoujia.com/apps/com.jfcaifu.main
http://www.wandoujia.com/apps/com.rd.sfqz
http://www.wandoujia.com/apps/com.bank.jun.interest
http://www.wandoujia.com/apps/com.mtk
http://www.wandoujia.com/apps/com.bitmain.btccom
http://www.wandoujia.com/apps/com.hundsun.stockwinner.dbzq
http://www.wandoujia.com/apps/com.pccw.finance
http://www.wandoujia.com/apps/com.ulic.misp
http://www.wandoujia.com/apps/com.thinkive.mobile.account_yh
http://www.wandoujia.com/apps/com.ddsc.dotbaby
http://www.wandoujia.com/apps/com.cairh.khapp.caifu407
http://www.wandoujia.com/apps/com.TdxGPZSQHMN
http://www.wandoujia.com/apps/com.yxh.jbp
http://www.wandoujia.com/apps/com.huiyingdai.apptest
http://www.wandoujia.com/apps/sj.king.app
http://www.wandoujia.com/apps/com.leixun.taofen8_aifusi
http://www.wandoujia.com/apps/com.caifuzhinan.subscribe
http://www.wandoujia.com/apps/com.tophold.xcfd
http://www.wandoujia.com/apps/com.sp2p.shunxin
http://www.wandoujia.com/apps/com.ppdai.credit
http://www.wandoujia.com/apps/com.rd.sfqz
http://www.wandoujia.com/apps/com.jfcaifu.main
http://www.wandoujia.com/apps/com.huiyingdai.apptest
http://www.wandoujia.com/apps/com.huizhongcf.webloan
http://www.wandoujia.com/apps/com.rong3600.creditmanager
http://www.wandoujia.com/apps/com.rongjing.firstloanforinvest
http://www.wandoujia.com/apps/com.duorong.yingji
http://www.wandoujia.com/apps/com.app.qunadai
http://www.wandoujia.com/apps/cn.com.cgbchina.yueguangbaohe
http://www.wandoujia.com/apps/com.thinkive.mobile.account_hl
http://www.wandoujia.com/apps/cn.com.apexsoft.android.wskh
http://www.wandoujia.com/apps/com.eastmoney.android.fundhqb
http://www.wandoujia.com/apps/www.qianlaiye.com
http://www.wandoujia.com/apps/youxuanbao.app.android
http://www.wandoujia.com/apps/com.zscfappview.qingdaojiuzhou
http://www.wandoujia.com/apps/com.example.bashuweipan
http://www.wandoujia.com/apps/cn.svell.shqh
http://www.wandoujia.com/apps/com.agutong.trader
http://www.wandoujia.com/apps/cn.jac.finance
http://www.wandoujia.com/apps/com.xn.nj.stamp
http://www.wandoujia.com/apps/com.expertoption
http://www.wandoujia.com/apps/com.linewell.innochina
http://www.wandoujia.com/apps/com.hundsun.stockwinner.dbzq
http://www.wandoujia.com/apps/com.tsci.lbl
http://www.wandoujia.com/apps/com.android.stocktrade.activities
http://www.wandoujia.com/apps/com.shengcaijinrong.app
http://www.wandoujia.com/apps/com.eeepay.bpaybox.home.ylst
http://www.wandoujia.com/apps/com.fayi.contract
http://www.wandoujia.com/apps/com.easyflower.florist
http://www.wandoujia.com/apps/com.android.goldprice
http://www.wandoujia.com/apps/com.zchz.app
http://www.wandoujia.com/apps/com.baidu.vsfinance
http://www.wandoujia.com/apps/com.bocop.eronghui
http://www.wandoujia.com/apps/com.hualongzq.dzh
http://www.wandoujia.com/apps/com.weifenzhuan
http://www.wandoujia.com/apps/air.com.fxcm.TSmobilePhone
http://www.wandoujia.com/apps/com.tdx.AndroidXSD
http://www.wandoujia.com/apps/com.qb178.www
http://www.wandoujia.com/apps/com.weizq
http://www.wandoujia.com/apps/jp.sblo.pandora.jota
http://www.wandoujia.com/apps/com.yungui.service
http://www.wandoujia.com/apps/com.joyintech.wise.seller
http://www.wandoujia.com/apps/com.jinhaitong.finance
http://www.wandoujia.com/apps/com.lantouzi.app
http://www.wandoujia.com/apps/com.zygj.pad
http://www.wandoujia.com/apps/com.thinkive.mobile.account_zt
http://www.wandoujia.com/apps/com.hualongzq.dzh
http://www.wandoujia.com/apps/sj.king.app
http://www.wandoujia.com/apps/com.jianeng.android.taoist
http://www.wandoujia.com/apps/com.gangpiaoquan
http://www.wandoujia.com/apps/com.muyoudaoli.seller
http://www.wandoujia.com/apps/com.ishehui.x63
http://www.wandoujia.com/apps/com.sumavision.talktv.itv
http://www.wandoujia.com/apps/com.ysufugvuen.mmmfingerss
http://www.wandoujia.com/apps/com.nfbazi.baziysh
http://www.wandoujia.com/apps/com.zjffkj.life.consumer
http://www.wandoujia.com/apps/com.xiaoqi.qdaledou
http://www.wandoujia.com/apps/mobi.toms.kplus.qy1214661850
http://www.wandoujia.com/apps/com.law.antest
http://www.wandoujia.com/apps/com.szhanke.hkzdy
http://www.wandoujia.com/apps/com.infiniti.app
http://www.wandoujia.com/apps/net.tycmc.iemssupport
http://www.wandoujia.com/apps/booka.admin
http://www.wandoujia.com/apps/haiyun.haiyunyihao
http://www.wandoujia.com/apps/com.lekusoft.android.app.a20110706193
http://www.wandoujia.com/apps/com.jieapp.twotaipeibus
http://www.wandoujia.com/apps/com.wta.fushi.jiuwei8950
http://www.wandoujia.com/apps/leftbank.mmweb.tw
http://www.wandoujia.com/apps/com.jieapp.kaohsiunghotel
http://www.wandoujia.com/apps/com.noahhotel.noahhotel
http://www.wandoujia.com/apps/jp.jtb.android.ShukuhakuYoyaku
http://www.wandoujia.com/apps/com.zdweilai.WeBrowser.bjtjjd1
http://www.wandoujia.com/apps/com.phonegap.hsjdw
http://www.wandoujia.com/apps/xt.com.sjsm.id1068878
http://www.wandoujia.com/apps/com.rc.hometechy
http://www.wandoujia.com/apps/com.ishow4s.jnjdw74
http://www.wandoujia.com/apps/com.isikota
http://www.wandoujia.com/apps/com.cncn.martini
http://www.wandoujia.com/apps/com.odigeo.yamp
http://www.wandoujia.com/apps/com.first4apps.luxuryscotland
http://www.wandoujia.com/apps/com.isikota
http://www.wandoujia.com/apps/com.qixin.busticket
http://www.wandoujia.com/apps/com.yzd.train
http://www.wandoujia.com/apps/com.boostors
http://www.wandoujia.com/apps/com.sunny.SMfdNmxSoKSc
http://www.wandoujia.com/apps/com.vacuumhead.bangalore
http://www.wandoujia.com/apps/tw.com.nantou.pulicity
http://www.wandoujia.com/apps/com.bjcreative.tachometer
http://www.wandoujia.com/apps/com.okune.findit
http://www.wandoujia.com/apps/com.hoge.apptpy5vfabeq
http://www.wandoujia.com/apps/com.yoygu.england1
http://www.wandoujia.com/apps/com.billsup.android
http://www.wandoujia.com/apps/com.yoygu.paris
http://www.wandoujia.com/apps/com.TCS10080
http://www.wandoujia.com/apps/com.ylm.main
http://www.wandoujia.com/apps/com.cutt.zhiyue.android.app567154
http://www.wandoujia.com/apps/intermaps.isoelden
http://www.wandoujia.com/apps/com.quattro.travelindia
http://www.wandoujia.com/apps/xt.com.sjsm.id33268
http://www.wandoujia.com/apps/Movecont.SzWay
http://www.wandoujia.com/apps/com.xingyou.yimei
http://www.wandoujia.com/apps/com.hehua.bizi.ch
http://www.wandoujia.com/apps/com.yishangshuma.bangelvyou
http://www.wandoujia.com/apps/com.wacosoft.appcloud.app_imusicapp6645
http://www.wandoujia.com/apps/zm.mobile.zmobile2014030400348
http://www.wandoujia.com/apps/com.example.dbandroid
http://www.wandoujia.com/apps/com.trainman.activity
http://www.wandoujia.com/apps/com.siheng.calltaxipassenger
http://www.wandoujia.com/apps/com.cochibo.gpsstatus
http://www.wandoujia.com/apps/com.tlcom.meetingalliance
http://www.wandoujia.com/apps/us.org.bookingpro.hotelfinder
http://www.wandoujia.com/apps/cn.yicha.mmi.facade1946
http://www.wandoujia.com/apps/cn.wintour.dossm2013.sanzhenggroup.android
http://www.wandoujia.com/apps/com.tourxc.renfuchun
http://www.wandoujia.com/apps/cn.yicha.mmi.facade1540
http://www.wandoujia.com/apps/com.xc.hotel
http://www.wandoujia.com/apps/com.example.webview_lj
http://www.wandoujia.com/apps/com.shangri_la
http://www.wandoujia.com/apps/com.tourxc.liuyu
http://www.wandoujia.com/apps/com.jinjiang.jjdc
http://www.wandoujia.com/apps/mobi.toms.lanhai.zgyc_s
http://www.wandoujia.com/apps/com.ww92fbcde3ee94f28209070cd64fb8bf65
http://www.wandoujia.com/apps/tl.easaa.wqjd
http://www.wandoujia.com/apps/com.ww77f9756b6ef58c23423612de0446b38e
http://www.wandoujia.com/apps/com.easaa.e201209120934516093
http://www.wandoujia.com/apps/com.tujiao.hotel.lovehotel
http://www.wandoujia.com/apps/com.tujiao.hotel.mituhotel
http://www.wandoujia.com/apps/cn.com.softvan.lxtx
http://www.wandoujia.com/apps/com.tourxc.lihuibin
http://www.wandoujia.com/apps/tsou.activity.hand.zsjian
http://www.wandoujia.com/apps/com.kuaihuoyun.driver
http://www.wandoujia.com/apps/jp.webnode.haruguchisoft.fireworkscamera
http://www.wandoujia.com/apps/com.yxymagicbox.cloud
http://www.wandoujia.com/apps/com.eg.android.AlipayGphone
http://www.wandoujia.com/apps/com.liulishuo.engzo
http://www.wandoujia.com/apps/com.fengbo.live
http://www.wandoujia.com/apps/cn.v6.sixrooms
http://www.wandoujia.com/apps/com.yy.meplus
http://www.wandoujia.com/apps/com.tencent.tmgp.sixrooms
http://www.wandoujia.com/apps/com.ifeng.newvideo
http://www.wandoujia.com/apps/com.budejie.mimi
http://www.wandoujia.com/apps/com.wintone.smartvision.business.license
http://www.wandoujia.com/apps/com.geak.vhtejy.camera
http://www.wandoujia.com/apps/com.taylorannart.taylorannartandroidapp
http://www.wandoujia.com/apps/com.fenzotech.howold
http://www.wandoujia.com/apps/org.l.tracking
http://www.wandoujia.com/apps/com.zippo.naturalframephoto
http://www.wandoujia.com/apps/com.adobe.creativeapps.shape
http://www.wandoujia.com/apps/com.hsmobile.photostyle
http://www.wandoujia.com/apps/air.OS.Broadcaster
http://www.wandoujia.com/apps/com.ignition.fakeblock
http://www.wandoujia.com/apps/com.snappii.paycheck_stub_templates
http://www.wandoujia.com/apps/com.appfunz.android.ebook.sanshiliuji
http://www.wandoujia.com/apps/com.makemebald
http://www.wandoujia.com/apps/cn.looku.photoeditor
http://www.wandoujia.com/apps/com.prinics.rolleiwifi
http://www.wandoujia.com/apps/com.blinddatelive
http://www.wandoujia.com/apps/com.zling.meiyan.selfie
http://www.wandoujia.com/apps/eu.chainfire.dslrcontroller
http://www.wandoujia.com/apps/jp.co.recruit.mtl.camerancollage
http://www.wandoujia.com/apps/com.xray.scanner.simulator.joke.pro
http://www.wandoujia.com/apps/object.JAJA.client
http://www.wandoujia.com/apps/com.BlackWhitePhotoFramesnn
http://www.wandoujia.com/apps/com.CoolPicEditorCollageMaker
http://www.wandoujia.com/apps/com.wonderful.cropimage
http://www.wandoujia.com/apps/com.ictarchitecture.dev.cs11
http://www.wandoujia.com/apps/com.uangel.mosaic
http://www.wandoujia.com/apps/com.yunmall.xigua
http://www.wandoujia.com/apps/free.birdsfreeimage.maria
http://www.wandoujia.com/apps/com.pic.collage.photo.frames
http://www.wandoujia.com/apps/com.petpest.photovi
http://www.wandoujia.com/apps/com.phoneapp.club
http://www.wandoujia.com/apps/com.fas.madhelper
http://www.wandoujia.com/apps/com.worker.jingjing.highchemistry
http://www.wandoujia.com/apps/com.manhk.englneseary
http://www.wandoujia.com/apps/com.touchtype.swiftkey.beta
http://www.wandoujia.com/apps/com.my.english
http://www.wandoujia.com/apps/com.oxford.oald.common.gp
http://www.wandoujia.com/apps/cn.dict.android.gaokao.pro
http://www.wandoujia.com/apps/com.phoneapp.club
http://www.wandoujia.com/apps/com.worker.jingjing.highchemistry
http://www.wandoujia.com/apps/com.androapp.highheels
http://www.wandoujia.com/apps/com.sekulicd.ui
http://www.wandoujia.com/apps/cn.wangxiao.zqzhuntiku
http://www.wandoujia.com/apps/com.pureagency.brandalley.android
http://www.wandoujia.com/apps/com.zskj.azysj
http://www.wandoujia.com/apps/com.taobao.apad
http://www.wandoujia.com/apps/com.farfetch.farfetchshop
http://www.wandoujia.com/apps/cn.auchan.auchandrive
http://www.wandoujia.com/apps/com.farfetch.farfetchshop
http://www.wandoujia.com/apps/com.yarlungsoft.expresscourior
http://www.wandoujia.com/apps/cn.mchina.client7_450
http://www.wandoujia.com/apps/com.ishow.smartbox.poster
http://www.wandoujia.com/apps/com.sino.app.advancedB13723
http://www.wandoujia.com/apps/com.rsp.programmerproject
http://www.wandoujia.com/apps/com.sayhello2theworld.te
http://www.wandoujia.com/apps/pts.phonegap.namespace_414
http://www.wandoujia.com/apps/com.xiaoyaosoft.ipigeon
http://www.wandoujia.com/apps/com.minglic.express
http://www.wandoujia.com/apps/com.nvlbs.wlvalue.driver
http://www.wandoujia.com/apps/com.example.yourpakge
http://www.wandoujia.com/apps/pakoda.app.test
http://www.wandoujia.com/apps/com.app_elong.layout
http://www.wandoujia.com/apps/com.coglink.terminalapp
http://www.wandoujia.com/apps/com.vcodo.dianshang.wzkdw123
http://www.wandoujia.com/apps/com.medxing.heartexpress
http://www.wandoujia.com/apps/com.xgh.expressuser
http://www.wandoujia.com/apps/com.tttckj.liancheng.shanghu
http://www.wandoujia.com/apps/com.rueasy.post
http://www.wandoujia.com/apps/com.demaecan.androidapp
http://www.wandoujia.com/apps/cn.jian.kuaidilook
http://www.wandoujia.com/apps/net.easyits.kuaidi
http://www.wandoujia.com/apps/com.zkuaidi
http://www.wandoujia.com/apps/com.snail.deliver.client
http://www.wandoujia.com/apps/com.zskj.azgaxtgt
http://www.wandoujia.com/apps/com.e979056670.mkv
http://www.wandoujia.com/apps/com.bm.ytbh
http://www.wandoujia.com/apps/com.souhuiquan.com
http://www.wandoujia.com/apps/cn.emapp.taobaoclient3005
http://www.wandoujia.com/apps/com.cloudfox.project.browser_electric.qunzi
http://www.wandoujia.com/apps/com.boot
http://www.wandoujia.com/apps/com.fivestar.brands.ui
http://www.wandoujia.com/apps/com.appbyme.app82158
http://www.wandoujia.com/apps/com.cnzz.site1254244451
http://www.wandoujia.com/apps/com.cnzz.site1255143777
http://www.wandoujia.com/apps/com.dns.newdnstwitter_standard0package2390
http://www.wandoujia.com/apps/com.farmstech.uwn.gpg
http://www.wandoujia.com/apps/zm.mobile.zts_zm_zh_cn_2014040800110
http://www.wandoujia.com/apps/com.keb.fxswing.ui
http://www.wandoujia.com/apps/com.wehelpwe.gasprice
http://www.wandoujia.com/apps/com.bocop.boceasypay
http://www.wandoujia.com/apps/com.lakala.mobilebank
http://www.wandoujia.com/apps/com.caifuzhinan.subscribe
http://www.wandoujia.com/apps/getTX.SJ
http://www.wandoujia.com/apps/com.goojje.app133b8020fe6b7bc7021713e212393186
http://www.wandoujia.com/apps/com.haishun.online.stock
http://www.wandoujia.com/apps/com.tophold.xcfd
http://www.wandoujia.com/apps/com.tophold.xcfd
http://www.wandoujia.com/apps/com.ading.message
http://www.wandoujia.com/apps/com.j847817198.uju
http://www.wandoujia.com/apps/com.tlb
http://www.wandoujia.com/apps/com.sp2p.shunxin
http://www.wandoujia.com/apps/com.jh.APP406242.news
http://www.wandoujia.com/apps/com.thinkive.mobile.account_xc
http://www.wandoujia.com/apps/com.ppdai.credit
http://www.wandoujia.com/apps/dsy130.b4a.bailongma
http://www.wandoujia.com/apps/com.androidesk.livewallpaper
http://www.wandoujia.com/apps/com.idddx.lwp.beautyjigsawpuzzle.thinness
http://www.wandoujia.com/apps/com.lovebizhi.wallpaper
http://www.wandoujia.com/apps/com.androidesk.livewallpaper
http://www.wandoujia.com/apps/com.tencent.qlauncher.lite
http://www.wandoujia.com/apps/com.yy.only.safe1
http://www.wandoujia.com/apps/com.nd.android.pandahome2
http://www.wandoujia.com/apps/com.moxiu.launcher
http://www.wandoujia.com/apps/com.miui.mihome2
http://www.wandoujia.com/apps/com.baoruan.launcher2
http://www.wandoujia.com/apps/com.qihoo360.launcher
http://www.wandoujia.com/apps/com.fingerplay.myqqtheme
http://www.wandoujia.com/apps/com.tencent.qlauncher.lite
http://www.wandoujia.com/apps/com.dianxinos.dxhome
http://www.wandoujia.com/apps/com.hola.launcher
http://www.wandoujia.com/apps/com.gtp.nextlauncher
http://www.wandoujia.com/apps/com.ng.ddzyhf
http://www.wandoujia.com/apps/com.teslacoilsw.launcher
http://www.wandoujia.com/apps/com.snda.wifilocating
Preparing Starting
Preparing Starting
http://www.wandoujia.com/apps/com.youku.crazytogether
http://www.wandoujia.com/apps/com.fengbo.live
http://www.wandoujia.com/apps/com.zhifu.live
http://www.wandoujia.com/apps/cn.v6.sixrooms
http://www.wandoujia.com/apps/com.yy.meplus
http://www.wandoujia.com/apps/com.youku.crazytogether
http://www.wandoujia.com/apps/com.duowan.kiwi
http://www.wandoujia.com/apps/com.zhifu.live
http://www.wandoujia.com/apps/cn.v6.sixrooms
http://www.wandoujia.com/apps/Yyh.memory.method
http://www.wandoujia.com/apps/com.syezon.lab.wifipyj1
http://www.wandoujia.com/apps/com.supersettings
http://www.wandoujia.com/apps/com.tara.android.wirelesscharger
http://www.wandoujia.com/apps/com.myprojectb.wallpaper.mkbazdhdgZNcFuhhmmQ
http://www.wandoujia.com/apps/jp.co.a_tm.android.plus_alice_night_teaparty
http://www.wandoujia.com/apps/com.emoji.coolkeyboard
http://www.wandoujia.com/apps/com.emoji.coolkeyboard
http://www.wandoujia.com/apps/com.hd.plane
http://www.wandoujia.com/apps/dragonsoftappstudio.passwordwifi
http://www.wandoujia.com/apps/jp.app.auto_wi_fi
http://www.wandoujia.com/apps/sysinfoo.sysinfo
http://www.wandoujia.com/apps/powerapp.wifi.password
http://www.wandoujia.com/apps/com.saintflannan.pilgrimapp15
http://www.wandoujia.com/apps/com.denniswuworks.junkcallfilter
http://www.wandoujia.com/apps/com.denniswuworks.junkcallfilter
http://www.wandoujia.com/apps/com.wKitchendesigndrawings
http://www.wandoujia.com/apps/com.app.cointicker
http://www.wandoujia.com/apps/com.app.cointicker
http://www.wandoujia.com/apps/com.crotalusfreak.bootchangertrial
http://www.wandoujia.com/apps/io.utk.creator.texturepack
http://www.wandoujia.com/apps/jp.co.tritech.android.paxos.sync
http://www.wandoujia.com/apps/jp.co.tritech.android.paxos.sync
http://www.wandoujia.com/apps/com.fra.flashcard.atoz
http://www.wandoujia.com/apps/biz.sambath.khmerpekmicomedy
http://www.wandoujia.com/apps/com.toss.mobiledata
http://www.wandoujia.com/apps/com.toss.mobiledata
http://www.wandoujia.com/apps/air.com.minded.orangefield
http://www.wandoujia.com/apps/air.com.minded.orangefield
http://www.wandoujia.com/apps/com.kabanka.crack.wifi.simulator
http://www.wandoujia.com/apps/com.mozinc.thunderrelief
http://www.wandoujia.com/apps/Dom.Mazzetti.SB
http://www.wandoujia.com/apps/Dom.Mazzetti.SB
http://www.wandoujia.com/apps/com.wCrispy4GBrowser
http://www.wandoujia.com/apps/com.youmi.cleaner
http://www.wandoujia.com/apps/com.jinhandz.jhled
http://www.wandoujia.com/apps/com.friendsend
http://www.wandoujia.com/apps/at.idm_energie.android
http://www.wandoujia.com/apps/at.idm_energie.android
http://www.wandoujia.com/apps/american.namespace
